# JRE version: OpenJDK Runtime Environment Temurin-21.0.6+7 (21.0.6+7) (build 21.0.6+7-LTS)
# Java VM: OpenJDK 64-Bit Server VM Temurin-21.0.6+7 (21.0.6+7-LTS, mixed mode, sharing, tiered, compressed oops, compressed class ptrs, parallel gc, windows-amd64)
GC Precious Log:
 CardTable entry size: 512
 CPUs: 16 total, 16 available
 Memory: 15596M
 Large Page Support: Disabled
 NUMA Support: Disabled
 Compressed Oops: Enabled (32-bit)
 Alignments: Space 512K, Generation 512K, Heap 2M
 Heap Min Capacity: 100M
 Heap Initial Capacity: 100M
 Heap Max Capacity: 1G
 Pre-touch: Disabled
 Parallel Workers: 13
Heap:
 PSYoungGen      total 8192K, used 3212K [0x00000000eab00000, 0x00000000eb400000, 0x0000000100000000)
  eden space 7680K, 39% used [0x00000000eab00000,0x00000000eadfb218,0x00000000eb280000)
  from space 512K, 31% used [0x00000000eb380000,0x00000000eb3a8000,0x00000000eb400000)
  to   space 512K, 0% used [0x00000000eb300000,0x00000000eb300000,0x00000000eb380000)
 ParOldGen       total 647680K, used 647203K [0x00000000c0000000, 0x00000000e7880000, 0x00000000eab00000)
  object space 647680K, 99% used [0x00000000c0000000,0x00000000e7808ed8,0x00000000e7880000)
 Metaspace       used 81057K, committed 82752K, reserved 1179648K
  class space    used 8109K, committed 8832K, reserved 1048576K
GC Heap History (20 events):
Event: 491.296 GC heap before
{Heap before GC invocations=1433 (full 4):
 PSYoungGen      total 8192K, used 7813K [0x00000000eab00000, 0x00000000eb400000, 0x0000000100000000)
  eden space 7680K, 99% used [0x00000000eab00000,0x00000000eb2795c0,0x00000000eb280000)
  from space 512K, 31% used [0x00000000eb380000,0x00000000eb3a8000,0x00000000eb400000)
  to   space 512K, 0% used [0x00000000eb300000,0x00000000eb300000,0x00000000eb380000)
 ParOldGen       total 641024K, used 640981K [0x00000000c0000000, 0x00000000e7200000, 0x00000000eab00000)
  object space 641024K, 99% used [0x00000000c0000000,0x00000000e71f5728,0x00000000e7200000)
 Metaspace       used 81033K, committed 82752K, reserved 1179648K
  class space    used 8109K, committed 8832K, reserved 1048576K
}
Event: 491.299 GC heap after
{Heap after GC invocations=1433 (full 4):
 PSYoungGen      total 8192K, used 160K [0x00000000eab00000, 0x00000000eb400000, 0x0000000100000000)
  eden space 7680K, 0% used [0x00000000eab00000,0x00000000eab00000,0x00000000eb280000)
  from space 512K, 31% used [0x00000000eb300000,0x00000000eb328000,0x00000000eb380000)
  to   space 512K, 0% used [0x00000000eb380000,0x00000000eb380000,0x00000000eb400000)
 ParOldGen       total 641024K, used 640981K [0x00000000c0000000, 0x00000000e7200000, 0x00000000eab00000)
  object space 641024K, 99% used [0x00000000c0000000,0x00000000e71f5728,0x00000000e7200000)
 Metaspace       used 81033K, committed 82752K, reserved 1179648K
  class space    used 8109K, committed 8832K, reserved 1048576K
}
Event: 491.310 GC heap before
{Heap before GC invocations=1434 (full 4):
 PSYoungGen      total 8192K, used 7840K [0x00000000eab00000, 0x00000000eb400000, 0x0000000100000000)
  eden space 7680K, 100% used [0x00000000eab00000,0x00000000eb280000,0x00000000eb280000)
  from space 512K, 31% used [0x00000000eb300000,0x00000000eb328000,0x00000000eb380000)
  to   space 512K, 0% used [0x00000000eb380000,0x00000000eb380000,0x00000000eb400000)
 ParOldGen       total 641024K, used 640981K [0x00000000c0000000, 0x00000000e7200000, 0x00000000eab00000)
  object space 641024K, 99% used [0x00000000c0000000,0x00000000e71f5728,0x00000000e7200000)
 Metaspace       used 81034K, committed 82752K, reserved 1179648K
  class space    used 8109K, committed 8832K, reserved 1048576K
}
Event: 491.313 GC heap after
{Heap after GC invocations=1434 (full 4):
 PSYoungGen      total 8192K, used 480K [0x00000000eab00000, 0x00000000eb600000, 0x0000000100000000)
  eden space 7680K, 0% used [0x00000000eab00000,0x00000000eab00000,0x00000000eb280000)
  from space 512K, 93% used [0x00000000eb380000,0x00000000eb3f8000,0x00000000eb400000)
  to   space 1024K, 0% used [0x00000000eb280000,0x00000000eb280000,0x00000000eb380000)
 ParOldGen       total 641024K, used 640997K [0x00000000c0000000, 0x00000000e7200000, 0x00000000eab00000)
  object space 641024K, 99% used [0x00000000c0000000,0x00000000e71f9728,0x00000000e7200000)
 Metaspace       used 81034K, committed 82752K, reserved 1179648K
  class space    used 8109K, committed 8832K, reserved 1048576K
}
Event: 491.422 GC heap before
{Heap before GC invocations=1435 (full 4):
 PSYoungGen      total 8192K, used 6885K [0x00000000eab00000, 0x00000000eb600000, 0x0000000100000000)
  eden space 7680K, 83% used [0x00000000eab00000,0x00000000eb141640,0x00000000eb280000)
  from space 512K, 93% used [0x00000000eb380000,0x00000000eb3f8000,0x00000000eb400000)
  to   space 1024K, 0% used [0x00000000eb280000,0x00000000eb280000,0x00000000eb380000)
 ParOldGen       total 641024K, used 640997K [0x00000000c0000000, 0x00000000e7200000, 0x00000000eab00000)
  object space 641024K, 99% used [0x00000000c0000000,0x00000000e71f9728,0x00000000e7200000)
 Metaspace       used 81044K, committed 82752K, reserved 1179648K
  class space    used 8109K, committed 8832K, reserved 1048576K
}
Event: 491.426 GC heap after
{Heap after GC invocations=1435 (full 4):
 PSYoungGen      total 8704K, used 416K [0x00000000eab00000, 0x00000000eb400000, 0x0000000100000000)
  eden space 7680K, 0% used [0x00000000eab00000,0x00000000eab00000,0x00000000eb280000)
  from space 1024K, 40% used [0x00000000eb280000,0x00000000eb2e8000,0x00000000eb380000)
  to   space 512K, 0% used [0x00000000eb380000,0x00000000eb380000,0x00000000eb400000)
 ParOldGen       total 641024K, used 640997K [0x00000000c0000000, 0x00000000e7200000, 0x00000000eab00000)
  object space 641024K, 99% used [0x00000000c0000000,0x00000000e71f9728,0x00000000e7200000)
 Metaspace       used 81044K, committed 82752K, reserved 1179648K
  class space    used 8109K, committed 8832K, reserved 1048576K
}
Event: 491.438 GC heap before
{Heap before GC invocations=1436 (full 4):
 PSYoungGen      total 8704K, used 8096K [0x00000000eab00000, 0x00000000eb400000, 0x0000000100000000)
  eden space 7680K, 100% used [0x00000000eab00000,0x00000000eb280000,0x00000000eb280000)
  from space 1024K, 40% used [0x00000000eb280000,0x00000000eb2e8000,0x00000000eb380000)
  to   space 512K, 0% used [0x00000000eb380000,0x00000000eb380000,0x00000000eb400000)
 ParOldGen       total 641024K, used 640997K [0x00000000c0000000, 0x00000000e7200000, 0x00000000eab00000)
  object space 641024K, 99% used [0x00000000c0000000,0x00000000e71f9728,0x00000000e7200000)
 Metaspace       used 81044K, committed 82752K, reserved 1179648K
  class space    used 8109K, committed 8832K, reserved 1048576K
}
Event: 491.442 GC heap after
{Heap after GC invocations=1436 (full 4):
 PSYoungGen      total 8192K, used 428K [0x00000000eab00000, 0x00000000eb400000, 0x0000000100000000)
  eden space 7680K, 0% used [0x00000000eab00000,0x00000000eab00000,0x00000000eb280000)
  from space 512K, 83% used [0x00000000eb380000,0x00000000eb3eb040,0x00000000eb400000)
  to   space 512K, 0% used [0x00000000eb300000,0x00000000eb300000,0x00000000eb380000)
 ParOldGen       total 643072K, used 642586K [0x00000000c0000000, 0x00000000e7400000, 0x00000000eab00000)
  object space 643072K, 99% used [0x00000000c0000000,0x00000000e7386b48,0x00000000e7400000)
 Metaspace       used 81044K, committed 82752K, reserved 1179648K
  class space    used 8109K, committed 8832K, reserved 1048576K
}
Event: 491.453 GC heap before
{Heap before GC invocations=1437 (full 4):
 PSYoungGen      total 8192K, used 7240K [0x00000000eab00000, 0x00000000eb400000, 0x0000000100000000)
  eden space 7680K, 88% used [0x00000000eab00000,0x00000000eb1a7160,0x00000000eb280000)
  from space 512K, 83% used [0x00000000eb380000,0x00000000eb3eb040,0x00000000eb400000)
  to   space 512K, 0% used [0x00000000eb300000,0x00000000eb300000,0x00000000eb380000)
 ParOldGen       total 643072K, used 642586K [0x00000000c0000000, 0x00000000e7400000, 0x00000000eab00000)
  object space 643072K, 99% used [0x00000000c0000000,0x00000000e7386b48,0x00000000e7400000)
 Metaspace       used 81044K, committed 82752K, reserved 1179648K
  class space    used 8109K, committed 8832K, reserved 1048576K
}
Event: 491.456 GC heap after
{Heap after GC invocations=1437 (full 4):
 PSYoungGen      total 8192K, used 224K [0x00000000eab00000, 0x00000000eb400000, 0x0000000100000000)
  eden space 7680K, 0% used [0x00000000eab00000,0x00000000eab00000,0x00000000eb280000)
  from space 512K, 43% used [0x00000000eb300000,0x00000000eb338000,0x00000000eb380000)
  to   space 512K, 0% used [0x00000000eb380000,0x00000000eb380000,0x00000000eb400000)
 ParOldGen       total 643072K, used 642586K [0x00000000c0000000, 0x00000000e7400000, 0x00000000eab00000)
  object space 643072K, 99% used [0x00000000c0000000,0x00000000e7386b48,0x00000000e7400000)
 Metaspace       used 81044K, committed 82752K, reserved 1179648K
  class space    used 8109K, committed 8832K, reserved 1048576K
}
Event: 491.466 GC heap before
{Heap before GC invocations=1438 (full 4):
 PSYoungGen      total 8192K, used 7563K [0x00000000eab00000, 0x00000000eb400000, 0x0000000100000000)
  eden space 7680K, 95% used [0x00000000eab00000,0x00000000eb22ae68,0x00000000eb280000)
  from space 512K, 43% used [0x00000000eb300000,0x00000000eb338000,0x00000000eb380000)
  to   space 512K, 0% used [0x00000000eb380000,0x00000000eb380000,0x00000000eb400000)
 ParOldGen       total 643072K, used 642586K [0x00000000c0000000, 0x00000000e7400000, 0x00000000eab00000)
  object space 643072K, 99% used [0x00000000c0000000,0x00000000e7386b48,0x00000000e7400000)
 Metaspace       used 81044K, committed 82752K, reserved 1179648K
  class space    used 8109K, committed 8832K, reserved 1048576K
}
Event: 491.469 GC heap after
{Heap after GC invocations=1438 (full 4):
 PSYoungGen      total 8192K, used 160K [0x00000000eab00000, 0x00000000eb400000, 0x0000000100000000)
  eden space 7680K, 0% used [0x00000000eab00000,0x00000000eab00000,0x00000000eb280000)
  from space 512K, 31% used [0x00000000eb380000,0x00000000eb3a8000,0x00000000eb400000)
  to   space 512K, 0% used [0x00000000eb300000,0x00000000eb300000,0x00000000eb380000)
 ParOldGen       total 643072K, used 642610K [0x00000000c0000000, 0x00000000e7400000, 0x00000000eab00000)
  object space 643072K, 99% used [0x00000000c0000000,0x00000000e738cb48,0x00000000e7400000)
 Metaspace       used 81044K, committed 82752K, reserved 1179648K
  class space    used 8109K, committed 8832K, reserved 1048576K
}
Event: 491.482 GC heap before
{Heap before GC invocations=1439 (full 4):
 PSYoungGen      total 8192K, used 7830K [0x00000000eab00000, 0x00000000eb400000, 0x0000000100000000)
  eden space 7680K, 99% used [0x00000000eab00000,0x00000000eb27d9d0,0x00000000eb280000)
  from space 512K, 31% used [0x00000000eb380000,0x00000000eb3a8000,0x00000000eb400000)
  to   space 512K, 0% used [0x00000000eb300000,0x00000000eb300000,0x00000000eb380000)
 ParOldGen       total 643072K, used 642610K [0x00000000c0000000, 0x00000000e7400000, 0x00000000eab00000)
  object space 643072K, 99% used [0x00000000c0000000,0x00000000e738cb48,0x00000000e7400000)
 Metaspace       used 81049K, committed 82752K, reserved 1179648K
  class space    used 8109K, committed 8832K, reserved 1048576K
}
Event: 491.484 GC heap after
{Heap after GC invocations=1439 (full 4):
 PSYoungGen      total 8192K, used 192K [0x00000000eab00000, 0x00000000eb400000, 0x0000000100000000)
  eden space 7680K, 0% used [0x00000000eab00000,0x00000000eab00000,0x00000000eb280000)
  from space 512K, 37% used [0x00000000eb300000,0x00000000eb330000,0x00000000eb380000)
  to   space 512K, 0% used [0x00000000eb380000,0x00000000eb380000,0x00000000eb400000)
 ParOldGen       total 643072K, used 642610K [0x00000000c0000000, 0x00000000e7400000, 0x00000000eab00000)
  object space 643072K, 99% used [0x00000000c0000000,0x00000000e738cb48,0x00000000e7400000)
 Metaspace       used 81049K, committed 82752K, reserved 1179648K
  class space    used 8109K, committed 8832K, reserved 1048576K
}
Event: 491.495 GC heap before
{Heap before GC invocations=1440 (full 4):
 PSYoungGen      total 8192K, used 7872K [0x00000000eab00000, 0x00000000eb400000, 0x0000000100000000)
  eden space 7680K, 100% used [0x00000000eab00000,0x00000000eb280000,0x00000000eb280000)
  from space 512K, 37% used [0x00000000eb300000,0x00000000eb330000,0x00000000eb380000)
  to   space 512K, 0% used [0x00000000eb380000,0x00000000eb380000,0x00000000eb400000)
 ParOldGen       total 643072K, used 642610K [0x00000000c0000000, 0x00000000e7400000, 0x00000000eab00000)
  object space 643072K, 99% used [0x00000000c0000000,0x00000000e738cb48,0x00000000e7400000)
 Metaspace       used 81049K, committed 82752K, reserved 1179648K
  class space    used 8109K, committed 8832K, reserved 1048576K
}
Event: 491.498 GC heap after
{Heap after GC invocations=1440 (full 4):
 PSYoungGen      total 8192K, used 512K [0x00000000eab00000, 0x00000000eb480000, 0x0000000100000000)
  eden space 7680K, 0% used [0x00000000eab00000,0x00000000eab00000,0x00000000eb280000)
  from space 512K, 100% used [0x00000000eb380000,0x00000000eb400000,0x00000000eb400000)
  to   space 1024K, 0% used [0x00000000eb280000,0x00000000eb280000,0x00000000eb380000)
 ParOldGen       total 643072K, used 642650K [0x00000000c0000000, 0x00000000e7400000, 0x00000000eab00000)
  object space 643072K, 99% used [0x00000000c0000000,0x00000000e7396b48,0x00000000e7400000)
 Metaspace       used 81049K, committed 82752K, reserved 1179648K
  class space    used 8109K, committed 8832K, reserved 1048576K
}
Event: 491.511 GC heap before
{Heap before GC invocations=1441 (full 4):
 PSYoungGen      total 8192K, used 8192K [0x00000000eab00000, 0x00000000eb480000, 0x0000000100000000)
  eden space 7680K, 100% used [0x00000000eab00000,0x00000000eb280000,0x00000000eb280000)
  from space 512K, 100% used [0x00000000eb380000,0x00000000eb400000,0x00000000eb400000)
  to   space 1024K, 0% used [0x00000000eb280000,0x00000000eb280000,0x00000000eb380000)
 ParOldGen       total 643072K, used 642650K [0x00000000c0000000, 0x00000000e7400000, 0x00000000eab00000)
  object space 643072K, 99% used [0x00000000c0000000,0x00000000e7396b48,0x00000000e7400000)
 Metaspace       used 81049K, committed 82752K, reserved 1179648K
  class space    used 8109K, committed 8832K, reserved 1048576K
}
Event: 491.514 GC heap after
{Heap after GC invocations=1441 (full 4):
 PSYoungGen      total 8704K, used 608K [0x00000000eab00000, 0x00000000eb480000, 0x0000000100000000)
  eden space 7680K, 0% used [0x00000000eab00000,0x00000000eab00000,0x00000000eb280000)
  from space 1024K, 59% used [0x00000000eb280000,0x00000000eb318000,0x00000000eb380000)
  to   space 1024K, 0% used [0x00000000eb380000,0x00000000eb380000,0x00000000eb480000)
 ParOldGen       total 643072K, used 642650K [0x00000000c0000000, 0x00000000e7400000, 0x00000000eab00000)
  object space 643072K, 99% used [0x00000000c0000000,0x00000000e7396b48,0x00000000e7400000)
 Metaspace       used 81049K, committed 82752K, reserved 1179648K
  class space    used 8109K, committed 8832K, reserved 1048576K
}
Event: 491.528 GC heap before
{Heap before GC invocations=1442 (full 4):
 PSYoungGen      total 8704K, used 8073K [0x00000000eab00000, 0x00000000eb480000, 0x0000000100000000)
  eden space 7680K, 97% used [0x00000000eab00000,0x00000000eb24a780,0x00000000eb280000)
  from space 1024K, 59% used [0x00000000eb280000,0x00000000eb318000,0x00000000eb380000)
  to   space 1024K, 0% used [0x00000000eb380000,0x00000000eb380000,0x00000000eb480000)
 ParOldGen       total 643072K, used 642650K [0x00000000c0000000, 0x00000000e7400000, 0x00000000eab00000)
  object space 643072K, 99% used [0x00000000c0000000,0x00000000e7396b48,0x00000000e7400000)
 Metaspace       used 81049K, committed 82752K, reserved 1179648K
  class space    used 8109K, committed 8832K, reserved 1048576K
}
Event: 491.531 GC heap after
{Heap after GC invocations=1442 (full 4):
 PSYoungGen      total 8704K, used 883K [0x00000000eab00000, 0x00000000eb480000, 0x0000000100000000)
  eden space 7680K, 0% used [0x00000000eab00000,0x00000000eab00000,0x00000000eb280000)
  from space 1024K, 86% used [0x00000000eb380000,0x00000000eb45ce28,0x00000000eb480000)
  to   space 1024K, 0% used [0x00000000eb280000,0x00000000eb280000,0x00000000eb380000)
 ParOldGen       total 644608K, used 644157K [0x00000000c0000000, 0x00000000e7580000, 0x00000000eab00000)
  object space 644608K, 99% used [0x00000000c0000000,0x00000000e750f728,0x00000000e7580000)
 Metaspace       used 81049K, committed 82752K, reserved 1179648K
  class space    used 8109K, committed 8832K, reserved 1048576K
}

